<?xml version="1.0" encoding="UTF-8"?>
<!-- Generated by org.testng.reporters.JUnitXMLReporter -->
<testsuite hostname="DESKTOP-VQ5LV2T" name="Default test" tests="5" failures="0" timestamp="22 Apr 2019 03:14:05 GMT" time="36.246" errors="0">
  <testcase name="homePageSearchOptionClickandPresent" time="0.068" classname="com.springcm.qa.testcases.HomePageTest"/>
  <testcase name="userEntersTextInSearchFieldAndVerifyIfTExtEnteredInPresent" time="0.888" classname="com.springcm.qa.testcases.HomePageTest"/>
  <testcase name="userEntersTextinSearchBoxFieldAndHitEnterKey" time="2.053" classname="com.springcm.qa.testcases.HomePageTest"/>
  <testcase name="verifyHomePageTitle" time="0.009" classname="com.springcm.qa.testcases.HomePageTest"/>
  <testcase name="verifyResourcesMenuIsDisplayed" time="0.663" classname="com.springcm.qa.testcases.HomePageTest"/>
</testsuite> <!-- Default test -->
