<?xml version="1.0" encoding="UTF-8"?>
<!-- Generated by org.testng.reporters.JUnitXMLReporter -->
<testsuite hostname="DESKTOP-VQ5LV2T" name="Command line test" tests="2" failures="0" timestamp="23 Apr 2019 03:57:27 GMT" time="31.295" errors="0">
  <testcase name="verifyMaximumNumberOfAutoSuggestItemsForAValidText" time="0.289" classname="com.springcm.qa.testcases.HomePageTest"/>
  <testcase name="verifyNoAutoSuggestItemsAreAvailableForInvalidValidText" time="20.191" classname="com.springcm.qa.testcases.HomePageTest"/>
</testsuite> <!-- Command line test -->
